This file contains any messages produced by compilers while
running configure, to aid debugging if configure makes a mistake.

It was created by NavelGazer configure 0.1, which was
generated by GNU Autoconf 2.69.  Invocation command line was

  $ ./configure 

## --------- ##
## Platform. ##
## --------- ##

hostname = cloud7
uname -m = x86_64
uname -r = 5.10.0-16-amd64
uname -s = Linux
uname -v = #1 SMP Debian 5.10.127-2 (2022-07-23)

/usr/bin/uname -p = unknown
/bin/uname -X     = unknown

/bin/arch              = x86_64
/usr/bin/arch -k       = unknown
/usr/convex/getsysinfo = unknown
/usr/bin/hostinfo      = unknown
/bin/machine           = unknown
/usr/bin/oslevel       = unknown
/bin/universe          = unknown

PATH: /usr/local/bin
PATH: /usr/bin
PATH: /bin
PATH: /usr/local/games
PATH: /usr/games


## ----------- ##
## Core tests. ##
## ----------- ##

configure:1766: checking for a BSD-compatible install
configure:1834: result: /usr/bin/install -c
configure:1845: checking whether build environment is sane
configure:1900: result: yes
configure:2046: checking for a thread-safe mkdir -p
configure:2085: result: /usr/bin/mkdir -p
configure:2092: checking for gawk
configure:2108: found /usr/bin/gawk
configure:2119: result: gawk
configure:2130: checking whether make sets $(MAKE)
configure:2152: result: yes
configure:2181: checking whether make supports nested variables
configure:2198: result: yes
configure:2488: checking that generated files are newer than configure
configure:2494: result: done
configure:2502: creating ./config.status

## ---------------------- ##
## Running config.status. ##
## ---------------------- ##

This file was extended by NavelGazer config.status 0.1, which was
generated by GNU Autoconf 2.69.  Invocation command line was

  CONFIG_FILES    = 
  CONFIG_HEADERS  = 
  CONFIG_LINKS    = 
  CONFIG_COMMANDS = 
  $ ./config.status 

on cloud7

config.status:744: creating Makefile
configure:3587: === configuring in libnavel (/home/phi/NavelGazer/libnavel)
configure:3650: running /bin/bash ./configure --disable-option-checking '--prefix=/usr/local'  --cache-file=/dev/null --srcdir=.
configure:3587: === configuring in libnavelpluginapi (/home/phi/NavelGazer/libnavelpluginapi)
configure:3650: running /bin/bash ./configure --disable-option-checking '--prefix=/usr/local'  --cache-file=/dev/null --srcdir=.
configure:3587: === configuring in server (/home/phi/NavelGazer/server)
configure:3650: running /bin/bash ./configure --disable-option-checking '--prefix=/usr/local'  --cache-file=/dev/null --srcdir=.
configure:3587: === configuring in client (/home/phi/NavelGazer/client)
configure:3650: running /bin/bash ./configure --disable-option-checking '--prefix=/usr/local'  --cache-file=/dev/null --srcdir=.

## ---------------- ##
## Cache variables. ##
## ---------------- ##

ac_cv_env_build_alias_set=
ac_cv_env_build_alias_value=
ac_cv_env_host_alias_set=
ac_cv_env_host_alias_value=
ac_cv_env_target_alias_set=
ac_cv_env_target_alias_value=
ac_cv_path_install='/usr/bin/install -c'
ac_cv_path_mkdir=/usr/bin/mkdir
ac_cv_prog_AWK=gawk
ac_cv_prog_make_make_set=yes
am_cv_make_support_nested_variables=yes

## ----------------- ##
## Output variables. ##
## ----------------- ##

ACLOCAL='${SHELL} '\''/home/phi/NavelGazer/missing'\'' aclocal-1.16'
AMTAR='$${TAR-tar}'
AM_BACKSLASH='\'
AM_DEFAULT_V='$(AM_DEFAULT_VERBOSITY)'
AM_DEFAULT_VERBOSITY='1'
AM_V='$(V)'
AUTOCONF='${SHELL} '\''/home/phi/NavelGazer/missing'\'' autoconf'
AUTOHEADER='${SHELL} '\''/home/phi/NavelGazer/missing'\'' autoheader'
AUTOMAKE='${SHELL} '\''/home/phi/NavelGazer/missing'\'' automake-1.16'
AWK='gawk'
CYGPATH_W='echo'
DEFS='-DPACKAGE_NAME=\"NavelGazer\" -DPACKAGE_TARNAME=\"navelgazer\" -DPACKAGE_VERSION=\"0.1\" -DPACKAGE_STRING=\"NavelGazer\ 0.1\" -DPACKAGE_BUGREPORT=\"ultrapod333@gmail.com\" -DPACKAGE_URL=\"\" -DPACKAGE=\"navelgazer\" -DVERSION=\"0.1\"'
ECHO_C=''
ECHO_N='-n'
ECHO_T=''
INSTALL_DATA='${INSTALL} -m 644'
INSTALL_PROGRAM='${INSTALL}'
INSTALL_SCRIPT='${INSTALL}'
INSTALL_STRIP_PROGRAM='$(install_sh) -c -s'
LIBOBJS=''
LIBS=''
LTLIBOBJS=''
MAKEINFO='${SHELL} '\''/home/phi/NavelGazer/missing'\'' makeinfo'
MKDIR_P='/usr/bin/mkdir -p'
PACKAGE='navelgazer'
PACKAGE_BUGREPORT='ultrapod333@gmail.com'
PACKAGE_NAME='NavelGazer'
PACKAGE_STRING='NavelGazer 0.1'
PACKAGE_TARNAME='navelgazer'
PACKAGE_URL=''
PACKAGE_VERSION='0.1'
PATH_SEPARATOR=':'
SET_MAKE=''
SHELL='/bin/bash'
STRIP=''
VERSION='0.1'
am__isrc=''
am__leading_dot='.'
am__tar='$${TAR-tar} chof - "$$tardir"'
am__untar='$${TAR-tar} xf -'
bindir='${exec_prefix}/bin'
build_alias=''
datadir='${datarootdir}'
datarootdir='${prefix}/share'
docdir='${datarootdir}/doc/${PACKAGE_TARNAME}'
dvidir='${docdir}'
exec_prefix='${prefix}'
host_alias=''
htmldir='${docdir}'
includedir='${prefix}/include'
infodir='${datarootdir}/info'
install_sh='${SHELL} /home/phi/NavelGazer/install-sh'
libdir='${exec_prefix}/lib'
libexecdir='${exec_prefix}/libexec'
localedir='${datarootdir}/locale'
localstatedir='${prefix}/var'
mandir='${datarootdir}/man'
mkdir_p='$(MKDIR_P)'
oldincludedir='/usr/include'
pdfdir='${docdir}'
prefix='/usr/local'
program_transform_name='s,x,x,'
psdir='${docdir}'
runstatedir='${localstatedir}/run'
sbindir='${exec_prefix}/sbin'
sharedstatedir='${prefix}/com'
subdirs=' libnavel libnavelpluginapi server client'
sysconfdir='${prefix}/etc'
target_alias=''

## ----------- ##
## confdefs.h. ##
## ----------- ##

/* confdefs.h */
#define PACKAGE_NAME "NavelGazer"
#define PACKAGE_TARNAME "navelgazer"
#define PACKAGE_VERSION "0.1"
#define PACKAGE_STRING "NavelGazer 0.1"
#define PACKAGE_BUGREPORT "ultrapod333@gmail.com"
#define PACKAGE_URL ""
#define PACKAGE "navelgazer"
#define VERSION "0.1"

configure: exit 0

## ---------------------- ##
## Running config.status. ##
## ---------------------- ##

This file was extended by NavelGazer config.status 0.1, which was
generated by GNU Autoconf 2.69.  Invocation command line was

  CONFIG_FILES    = 
  CONFIG_HEADERS  = 
  CONFIG_LINKS    = 
  CONFIG_COMMANDS = 
  $ ./config.status Makefile

on cloud7

config.status:744: creating Makefile
