This file contains any messages produced by compilers while
running configure, to aid debugging if configure makes a mistake.

It was created by libnavelpluginapi configure 0.1, which was
generated by GNU Autoconf 2.69.  Invocation command line was

  $ ./configure --disable-option-checking --prefix=/usr/local --cache-file=/dev/null --srcdir=.

## --------- ##
## Platform. ##
## --------- ##

hostname = cloud7
uname -m = x86_64
uname -r = 5.10.0-16-amd64
uname -s = Linux
uname -v = #1 SMP Debian 5.10.127-2 (2022-07-23)

/usr/bin/uname -p = unknown
/bin/uname -X     = unknown

/bin/arch              = x86_64
/usr/bin/arch -k       = unknown
/usr/convex/getsysinfo = unknown
/usr/bin/hostinfo      = unknown
/bin/machine           = unknown
/usr/bin/oslevel       = unknown
/bin/universe          = unknown

PATH: /usr/local/bin
PATH: /usr/bin
PATH: /bin
PATH: /usr/local/games
PATH: /usr/games


## ----------- ##
## Core tests. ##
## ----------- ##

configure:2314: checking for a BSD-compatible install
configure:2382: result: /usr/bin/install -c
configure:2393: checking whether build environment is sane
configure:2448: result: yes
configure:2594: checking for a thread-safe mkdir -p
configure:2633: result: /usr/bin/mkdir -p
configure:2640: checking for gawk
configure:2656: found /usr/bin/gawk
configure:2667: result: gawk
configure:2678: checking whether make sets $(MAKE)
configure:2700: result: yes
configure:2729: checking whether make supports nested variables
configure:2746: result: yes
configure:2930: checking for g++
configure:2946: found /usr/bin/g++
configure:2957: result: g++
configure:2984: checking for C++ compiler version
configure:2993: g++ --version >&5
g++ (Debian 10.2.1-6) 10.2.1 20210110
Copyright (C) 2020 Free Software Foundation, Inc.
This is free software; see the source for copying conditions.  There is NO
warranty; not even for MERCHANTABILITY or FITNESS FOR A PARTICULAR PURPOSE.

configure:3004: $? = 0
configure:2993: g++ -v >&5
Using built-in specs.
COLLECT_GCC=g++
COLLECT_LTO_WRAPPER=/usr/lib/gcc/x86_64-linux-gnu/10/lto-wrapper
OFFLOAD_TARGET_NAMES=nvptx-none:amdgcn-amdhsa:hsa
OFFLOAD_TARGET_DEFAULT=1
Target: x86_64-linux-gnu
Configured with: ../src/configure -v --with-pkgversion='Debian 10.2.1-6' --with-bugurl=file:///usr/share/doc/gcc-10/README.Bugs --enable-languages=c,ada,c++,go,brig,d,fortran,objc,obj-c++,m2 --prefix=/usr --with-gcc-major-version-only --program-suffix=-10 --program-prefix=x86_64-linux-gnu- --enable-shared --enable-linker-build-id --libexecdir=/usr/lib --without-included-gettext --enable-threads=posix --libdir=/usr/lib --enable-nls --enable-bootstrap --enable-clocale=gnu --enable-libstdcxx-debug --enable-libstdcxx-time=yes --with-default-libstdcxx-abi=new --enable-gnu-unique-object --disable-vtable-verify --enable-plugin --enable-default-pie --with-system-zlib --enable-libphobos-checking=release --with-target-system-zlib=auto --enable-objc-gc=auto --enable-multiarch --disable-werror --with-arch-32=i686 --with-abi=m64 --with-multilib-list=m32,m64,mx32 --enable-multilib --with-tune=generic --enable-offload-targets=nvptx-none=/build/gcc-10-Km9U7s/gcc-10-10.2.1/debian/tmp-nvptx/usr,amdgcn-amdhsa=/build/gcc-10-Km9U7s/gcc-10-10.2.1/debian/tmp-gcn/usr,hsa --without-cuda-driver --enable-checking=release --build=x86_64-linux-gnu --host=x86_64-linux-gnu --target=x86_64-linux-gnu --with-build-config=bootstrap-lto-lean --enable-link-mutex
Thread model: posix
Supported LTO compression algorithms: zlib zstd
gcc version 10.2.1 20210110 (Debian 10.2.1-6) 
... rest of stderr output deleted ...
configure:3004: $? = 0
configure:2993: g++ -V >&5
g++: error: unrecognized command-line option '-V'
g++: fatal error: no input files
compilation terminated.
configure:3004: $? = 1
configure:2993: g++ -qversion >&5
g++: error: unrecognized command-line option '-qversion'; did you mean '--version'?
g++: fatal error: no input files
compilation terminated.
configure:3004: $? = 1
configure:3024: checking whether the C++ compiler works
configure:3046: g++    conftest.cpp  >&5
configure:3050: $? = 0
configure:3098: result: yes
configure:3101: checking for C++ compiler default output file name
configure:3103: result: a.out
configure:3109: checking for suffix of executables
configure:3116: g++ -o conftest    conftest.cpp  >&5
configure:3120: $? = 0
configure:3142: result: 
configure:3164: checking whether we are cross compiling
configure:3172: g++ -o conftest    conftest.cpp  >&5
configure:3176: $? = 0
configure:3183: ./conftest
configure:3187: $? = 0
configure:3202: result: no
configure:3207: checking for suffix of object files
configure:3229: g++ -c   conftest.cpp >&5
configure:3233: $? = 0
configure:3254: result: o
configure:3258: checking whether we are using the GNU C++ compiler
configure:3277: g++ -c   conftest.cpp >&5
configure:3277: $? = 0
configure:3286: result: yes
configure:3295: checking whether g++ accepts -g
configure:3315: g++ -c -g  conftest.cpp >&5
configure:3315: $? = 0
configure:3356: result: yes
configure:3382: checking whether make supports the include directive
configure:3397: make -f confmf.GNU && cat confinc.out
this is the am__doit target
configure:3400: $? = 0
configure:3419: result: yes (GNU style)
configure:3444: checking dependency style of g++
configure:3555: result: gcc3
configure:3599: checking build system type
configure:3613: result: x86_64-pc-linux-gnu
configure:3633: checking host system type
configure:3646: result: x86_64-pc-linux-gnu
configure:3687: checking how to print strings
configure:3714: result: printf
configure:3783: checking for gcc
configure:3799: found /usr/bin/gcc
configure:3810: result: gcc
configure:4039: checking for C compiler version
configure:4048: gcc --version >&5
gcc (Debian 10.2.1-6) 10.2.1 20210110
Copyright (C) 2020 Free Software Foundation, Inc.
This is free software; see the source for copying conditions.  There is NO
warranty; not even for MERCHANTABILITY or FITNESS FOR A PARTICULAR PURPOSE.

configure:4059: $? = 0
configure:4048: gcc -v >&5
Using built-in specs.
COLLECT_GCC=gcc
COLLECT_LTO_WRAPPER=/usr/lib/gcc/x86_64-linux-gnu/10/lto-wrapper
OFFLOAD_TARGET_NAMES=nvptx-none:amdgcn-amdhsa:hsa
OFFLOAD_TARGET_DEFAULT=1
Target: x86_64-linux-gnu
Configured with: ../src/configure -v --with-pkgversion='Debian 10.2.1-6' --with-bugurl=file:///usr/share/doc/gcc-10/README.Bugs --enable-languages=c,ada,c++,go,brig,d,fortran,objc,obj-c++,m2 --prefix=/usr --with-gcc-major-version-only --program-suffix=-10 --program-prefix=x86_64-linux-gnu- --enable-shared --enable-linker-build-id --libexecdir=/usr/lib --without-included-gettext --enable-threads=posix --libdir=/usr/lib --enable-nls --enable-bootstrap --enable-clocale=gnu --enable-libstdcxx-debug --enable-libstdcxx-time=yes --with-default-libstdcxx-abi=new --enable-gnu-unique-object --disable-vtable-verify --enable-plugin --enable-default-pie --with-system-zlib --enable-libphobos-checking=release --with-target-system-zlib=auto --enable-objc-gc=auto --enable-multiarch --disable-werror --with-arch-32=i686 --with-abi=m64 --with-multilib-list=m32,m64,mx32 --enable-multilib --with-tune=generic --enable-offload-targets=nvptx-none=/build/gcc-10-Km9U7s/gcc-10-10.2.1/debian/tmp-nvptx/usr,amdgcn-amdhsa=/build/gcc-10-Km9U7s/gcc-10-10.2.1/debian/tmp-gcn/usr,hsa --without-cuda-driver --enable-checking=release --build=x86_64-linux-gnu --host=x86_64-linux-gnu --target=x86_64-linux-gnu --with-build-config=bootstrap-lto-lean --enable-link-mutex
Thread model: posix
Supported LTO compression algorithms: zlib zstd
gcc version 10.2.1 20210110 (Debian 10.2.1-6) 
... rest of stderr output deleted ...
configure:4059: $? = 0
configure:4048: gcc -V >&5
gcc: error: unrecognized command-line option '-V'
gcc: fatal error: no input files
compilation terminated.
configure:4059: $? = 1
configure:4048: gcc -qversion >&5
gcc: error: unrecognized command-line option '-qversion'; did you mean '--version'?
gcc: fatal error: no input files
compilation terminated.
configure:4059: $? = 1
configure:4063: checking whether we are using the GNU C compiler
configure:4082: gcc -c   conftest.c >&5
configure:4082: $? = 0
configure:4091: result: yes
configure:4100: checking whether gcc accepts -g
configure:4120: gcc -c -g  conftest.c >&5
configure:4120: $? = 0
configure:4161: result: yes
configure:4178: checking for gcc option to accept ISO C89
configure:4241: gcc  -c -g -O2  conftest.c >&5
configure:4241: $? = 0
configure:4254: result: none needed
configure:4279: checking whether gcc understands -c and -o together
configure:4301: gcc -c conftest.c -o conftest2.o
configure:4304: $? = 0
configure:4301: gcc -c conftest.c -o conftest2.o
configure:4304: $? = 0
configure:4316: result: yes
configure:4335: checking dependency style of gcc
configure:4446: result: gcc3
configure:4461: checking for a sed that does not truncate output
configure:4525: result: /usr/bin/sed
configure:4543: checking for grep that handles long lines and -e
configure:4601: result: /usr/bin/grep
configure:4606: checking for egrep
configure:4668: result: /usr/bin/grep -E
configure:4673: checking for fgrep
configure:4735: result: /usr/bin/grep -F
configure:4770: checking for ld used by gcc
configure:4837: result: /usr/bin/ld
configure:4844: checking if the linker (/usr/bin/ld) is GNU ld
configure:4859: result: yes
configure:4871: checking for BSD- or MS-compatible name lister (nm)
configure:4925: result: /usr/bin/nm -B
configure:5055: checking the name lister (/usr/bin/nm -B) interface
configure:5062: gcc -c -g -O2  conftest.c >&5
configure:5065: /usr/bin/nm -B "conftest.o"
configure:5068: output
0000000000000000 B some_variable
configure:5075: result: BSD nm
configure:5078: checking whether ln -s works
configure:5082: result: yes
configure:5090: checking the maximum length of command line arguments
configure:5221: result: 1572864
configure:5269: checking how to convert x86_64-pc-linux-gnu file names to x86_64-pc-linux-gnu format
configure:5309: result: func_convert_file_noop
configure:5316: checking how to convert x86_64-pc-linux-gnu file names to toolchain format
configure:5336: result: func_convert_file_noop
configure:5343: checking for /usr/bin/ld option to reload object files
configure:5350: result: -r
configure:5424: checking for objdump
configure:5440: found /usr/bin/objdump
configure:5451: result: objdump
configure:5483: checking how to recognize dependent libraries
configure:5683: result: pass_all
configure:5768: checking for dlltool
configure:5798: result: no
configure:5828: checking how to associate runtime and link libraries
configure:5855: result: printf %s\n
configure:5916: checking for ar
configure:5932: found /usr/bin/ar
configure:5943: result: ar
configure:5980: checking for archiver @FILE support
configure:5997: gcc -c -g -O2  conftest.c >&5
configure:5997: $? = 0
configure:6000: ar cr libconftest.a @conftest.lst >&5
configure:6003: $? = 0
configure:6008: ar cr libconftest.a @conftest.lst >&5
ar: conftest.o: No such file or directory
configure:6011: $? = 1
configure:6023: result: @
configure:6081: checking for strip
configure:6097: found /usr/bin/strip
configure:6108: result: strip
configure:6180: checking for ranlib
configure:6196: found /usr/bin/ranlib
configure:6207: result: ranlib
configure:6309: checking command to parse /usr/bin/nm -B output from gcc object
configure:6462: gcc -c -g -O2  conftest.c >&5
configure:6465: $? = 0
configure:6469: /usr/bin/nm -B conftest.o | sed -n -e 's/^.*[	 ]\([ABCDGIRSTW][ABCDGIRSTW]*\)[	 ][	 ]*\([_A-Za-z][_A-Za-z0-9]*\)$/\1 \2 \2/p' | sed '/ __gnu_lto/d' > conftest.nm
configure:6535: gcc -o conftest -g -O2   conftest.c conftstm.o >&5
configure:6538: $? = 0
configure:6576: result: ok
configure:6623: checking for sysroot
configure:6653: result: no
configure:6660: checking for a working dd
configure:6698: result: /usr/bin/dd
configure:6702: checking how to truncate binary pipes
configure:6717: result: /usr/bin/dd bs=4096 count=1
configure:6853: gcc -c -g -O2  conftest.c >&5
configure:6856: $? = 0
configure:7046: checking for mt
configure:7062: found /usr/bin/mt
configure:7073: result: mt
configure:7096: checking if mt is a manifest tool
configure:7102: mt '-?'
configure:7110: result: no
configure:7787: checking how to run the C preprocessor
configure:7818: gcc -E  conftest.c
configure:7818: $? = 0
configure:7832: gcc -E  conftest.c
conftest.c:11:10: fatal error: ac_nonexistent.h: No such file or directory
   11 | #include <ac_nonexistent.h>
      |          ^~~~~~~~~~~~~~~~~~
compilation terminated.
configure:7832: $? = 1
configure: failed program was:
| /* confdefs.h */
| #define PACKAGE_NAME "libnavelpluginapi"
| #define PACKAGE_TARNAME "libnavelpluginapi"
| #define PACKAGE_VERSION "0.1"
| #define PACKAGE_STRING "libnavelpluginapi 0.1"
| #define PACKAGE_BUGREPORT "ultrapod333@gmail.com"
| #define PACKAGE_URL ""
| #define PACKAGE "libnavelpluginapi"
| #define VERSION "0.1"
| /* end confdefs.h.  */
| #include <ac_nonexistent.h>
configure:7857: result: gcc -E
configure:7877: gcc -E  conftest.c
configure:7877: $? = 0
configure:7891: gcc -E  conftest.c
conftest.c:11:10: fatal error: ac_nonexistent.h: No such file or directory
   11 | #include <ac_nonexistent.h>
      |          ^~~~~~~~~~~~~~~~~~
compilation terminated.
configure:7891: $? = 1
configure: failed program was:
| /* confdefs.h */
| #define PACKAGE_NAME "libnavelpluginapi"
| #define PACKAGE_TARNAME "libnavelpluginapi"
| #define PACKAGE_VERSION "0.1"
| #define PACKAGE_STRING "libnavelpluginapi 0.1"
| #define PACKAGE_BUGREPORT "ultrapod333@gmail.com"
| #define PACKAGE_URL ""
| #define PACKAGE "libnavelpluginapi"
| #define VERSION "0.1"
| /* end confdefs.h.  */
| #include <ac_nonexistent.h>
configure:7920: checking for ANSI C header files
configure:7940: gcc -c -g -O2  conftest.c >&5
configure:7940: $? = 0
configure:8013: gcc -o conftest -g -O2   conftest.c  >&5
configure:8013: $? = 0
configure:8013: ./conftest
configure:8013: $? = 0
configure:8024: result: yes
configure:8037: checking for sys/types.h
configure:8037: gcc -c -g -O2  conftest.c >&5
configure:8037: $? = 0
configure:8037: result: yes
configure:8037: checking for sys/stat.h
configure:8037: gcc -c -g -O2  conftest.c >&5
configure:8037: $? = 0
configure:8037: result: yes
configure:8037: checking for stdlib.h
configure:8037: gcc -c -g -O2  conftest.c >&5
configure:8037: $? = 0
configure:8037: result: yes
configure:8037: checking for string.h
configure:8037: gcc -c -g -O2  conftest.c >&5
configure:8037: $? = 0
configure:8037: result: yes
configure:8037: checking for memory.h
configure:8037: gcc -c -g -O2  conftest.c >&5
configure:8037: $? = 0
configure:8037: result: yes
configure:8037: checking for strings.h
configure:8037: gcc -c -g -O2  conftest.c >&5
configure:8037: $? = 0
configure:8037: result: yes
configure:8037: checking for inttypes.h
configure:8037: gcc -c -g -O2  conftest.c >&5
configure:8037: $? = 0
configure:8037: result: yes
configure:8037: checking for stdint.h
configure:8037: gcc -c -g -O2  conftest.c >&5
configure:8037: $? = 0
configure:8037: result: yes
configure:8037: checking for unistd.h
configure:8037: gcc -c -g -O2  conftest.c >&5
configure:8037: $? = 0
configure:8037: result: yes
configure:8051: checking for dlfcn.h
configure:8051: gcc -c -g -O2  conftest.c >&5
configure:8051: $? = 0
configure:8051: result: yes
configure:8318: checking for objdir
configure:8333: result: .libs
configure:8593: checking if gcc supports -fno-rtti -fno-exceptions
configure:8611: gcc -c -g -O2  -fno-rtti -fno-exceptions conftest.c >&5
cc1: warning: command-line option '-fno-rtti' is valid for C++/D/ObjC++ but not for C
configure:8615: $? = 0
configure:8628: result: no
configure:8992: checking for gcc option to produce PIC
configure:8999: result: -fPIC -DPIC
configure:9007: checking if gcc PIC flag -fPIC -DPIC works
configure:9025: gcc -c -g -O2  -fPIC -DPIC -DPIC conftest.c >&5
configure:9029: $? = 0
configure:9042: result: yes
configure:9071: checking if gcc static flag -static works
configure:9099: result: yes
configure:9114: checking if gcc supports -c -o file.o
configure:9135: gcc -c -g -O2  -o out/conftest2.o conftest.c >&5
configure:9139: $? = 0
configure:9161: result: yes
configure:9169: checking if gcc supports -c -o file.o
configure:9216: result: yes
configure:9249: checking whether the gcc linker (/usr/bin/ld -m elf_x86_64) supports shared libraries
configure:10512: result: yes
configure:10549: checking whether -lc should be explicitly linked in
configure:10557: gcc -c -g -O2  conftest.c >&5
configure:10560: $? = 0
configure:10575: gcc -shared  -fPIC -DPIC conftest.o  -v -Wl,-soname -Wl,conftest -o conftest 2\>\&1 \| /usr/bin/grep  -lc  \>/dev/null 2\>\&1
configure:10578: $? = 0
configure:10592: result: no
configure:10752: checking dynamic linker characteristics
configure:11333: gcc -o conftest -g -O2   -Wl,-rpath -Wl,/foo conftest.c  >&5
configure:11333: $? = 0
configure:11582: result: GNU/Linux ld.so
configure:11704: checking how to hardcode library paths into programs
configure:11729: result: immediate
configure:12277: checking whether stripping libraries is possible
configure:12282: result: yes
configure:12317: checking if libtool supports shared libraries
configure:12319: result: yes
configure:12322: checking whether to build shared libraries
configure:12347: result: yes
configure:12350: checking whether to build static libraries
configure:12354: result: yes
configure:12377: checking how to run the C++ preprocessor
configure:12404: g++ -E  conftest.cpp
configure:12404: $? = 0
configure:12418: g++ -E  conftest.cpp
conftest.cpp:23:10: fatal error: ac_nonexistent.h: No such file or directory
   23 | #include <ac_nonexistent.h>
      |          ^~~~~~~~~~~~~~~~~~
compilation terminated.
configure:12418: $? = 1
configure: failed program was:
| /* confdefs.h */
| #define PACKAGE_NAME "libnavelpluginapi"
| #define PACKAGE_TARNAME "libnavelpluginapi"
| #define PACKAGE_VERSION "0.1"
| #define PACKAGE_STRING "libnavelpluginapi 0.1"
| #define PACKAGE_BUGREPORT "ultrapod333@gmail.com"
| #define PACKAGE_URL ""
| #define PACKAGE "libnavelpluginapi"
| #define VERSION "0.1"
| #define STDC_HEADERS 1
| #define HAVE_SYS_TYPES_H 1
| #define HAVE_SYS_STAT_H 1
| #define HAVE_STDLIB_H 1
| #define HAVE_STRING_H 1
| #define HAVE_MEMORY_H 1
| #define HAVE_STRINGS_H 1
| #define HAVE_INTTYPES_H 1
| #define HAVE_STDINT_H 1
| #define HAVE_UNISTD_H 1
| #define HAVE_DLFCN_H 1
| #define LT_OBJDIR ".libs/"
| /* end confdefs.h.  */
| #include <ac_nonexistent.h>
configure:12443: result: g++ -E
configure:12463: g++ -E  conftest.cpp
configure:12463: $? = 0
configure:12477: g++ -E  conftest.cpp
conftest.cpp:23:10: fatal error: ac_nonexistent.h: No such file or directory
   23 | #include <ac_nonexistent.h>
      |          ^~~~~~~~~~~~~~~~~~
compilation terminated.
configure:12477: $? = 1
configure: failed program was:
| /* confdefs.h */
| #define PACKAGE_NAME "libnavelpluginapi"
| #define PACKAGE_TARNAME "libnavelpluginapi"
| #define PACKAGE_VERSION "0.1"
| #define PACKAGE_STRING "libnavelpluginapi 0.1"
| #define PACKAGE_BUGREPORT "ultrapod333@gmail.com"
| #define PACKAGE_URL ""
| #define PACKAGE "libnavelpluginapi"
| #define VERSION "0.1"
| #define STDC_HEADERS 1
| #define HAVE_SYS_TYPES_H 1
| #define HAVE_SYS_STAT_H 1
| #define HAVE_STDLIB_H 1
| #define HAVE_STRING_H 1
| #define HAVE_MEMORY_H 1
| #define HAVE_STRINGS_H 1
| #define HAVE_INTTYPES_H 1
| #define HAVE_STDINT_H 1
| #define HAVE_UNISTD_H 1
| #define HAVE_DLFCN_H 1
| #define LT_OBJDIR ".libs/"
| /* end confdefs.h.  */
| #include <ac_nonexistent.h>
configure:12639: checking for ld used by g++
configure:12706: result: /usr/bin/ld -m elf_x86_64
configure:12713: checking if the linker (/usr/bin/ld -m elf_x86_64) is GNU ld
configure:12728: result: yes
configure:12783: checking whether the g++ linker (/usr/bin/ld -m elf_x86_64) supports shared libraries
configure:13856: result: yes
configure:13892: g++ -c -g -O2  conftest.cpp >&5
configure:13895: $? = 0
configure:14376: checking for g++ option to produce PIC
configure:14383: result: -fPIC -DPIC
configure:14391: checking if g++ PIC flag -fPIC -DPIC works
configure:14409: g++ -c -g -O2  -fPIC -DPIC -DPIC conftest.cpp >&5
configure:14413: $? = 0
configure:14426: result: yes
configure:14449: checking if g++ static flag -static works
configure:14477: result: yes
configure:14489: checking if g++ supports -c -o file.o
configure:14510: g++ -c -g -O2  -o out/conftest2.o conftest.cpp >&5
configure:14514: $? = 0
configure:14536: result: yes
configure:14541: checking if g++ supports -c -o file.o
configure:14588: result: yes
configure:14618: checking whether the g++ linker (/usr/bin/ld -m elf_x86_64) supports shared libraries
configure:14661: result: yes
configure:14802: checking dynamic linker characteristics
configure:15559: result: GNU/Linux ld.so
configure:15624: checking how to hardcode library paths into programs
configure:15649: result: immediate
configure:15868: checking that generated files are newer than configure
configure:15874: result: done
configure:15901: creating ./config.status

## ---------------------- ##
## Running config.status. ##
## ---------------------- ##

This file was extended by libnavelpluginapi config.status 0.1, which was
generated by GNU Autoconf 2.69.  Invocation command line was

  CONFIG_FILES    = 
  CONFIG_HEADERS  = 
  CONFIG_LINKS    = 
  CONFIG_COMMANDS = 
  $ ./config.status 

on cloud7

config.status:1070: creating Makefile
config.status:1242: executing depfiles commands
config.status:1319: cd .       && sed -e '/# am--include-marker/d' Makefile         | make -f - am--depfiles
make: Nothing to be done for 'am--depfiles'.
config.status:1324: $? = 0
config.status:1242: executing libtool commands

## ---------------- ##
## Cache variables. ##
## ---------------- ##

ac_cv_build=x86_64-pc-linux-gnu
ac_cv_c_compiler_gnu=yes
ac_cv_cxx_compiler_gnu=yes
ac_cv_env_CCC_set=
ac_cv_env_CCC_value=
ac_cv_env_CC_set=
ac_cv_env_CC_value=
ac_cv_env_CFLAGS_set=
ac_cv_env_CFLAGS_value=
ac_cv_env_CPPFLAGS_set=
ac_cv_env_CPPFLAGS_value=
ac_cv_env_CPP_set=
ac_cv_env_CPP_value=
ac_cv_env_CXXCPP_set=
ac_cv_env_CXXCPP_value=
ac_cv_env_CXXFLAGS_set=
ac_cv_env_CXXFLAGS_value=
ac_cv_env_CXX_set=
ac_cv_env_CXX_value=
ac_cv_env_LDFLAGS_set=
ac_cv_env_LDFLAGS_value=
ac_cv_env_LIBS_set=
ac_cv_env_LIBS_value=
ac_cv_env_LT_SYS_LIBRARY_PATH_set=
ac_cv_env_LT_SYS_LIBRARY_PATH_value=
ac_cv_env_build_alias_set=
ac_cv_env_build_alias_value=
ac_cv_env_host_alias_set=
ac_cv_env_host_alias_value=
ac_cv_env_target_alias_set=
ac_cv_env_target_alias_value=
ac_cv_header_dlfcn_h=yes
ac_cv_header_inttypes_h=yes
ac_cv_header_memory_h=yes
ac_cv_header_stdc=yes
ac_cv_header_stdint_h=yes
ac_cv_header_stdlib_h=yes
ac_cv_header_string_h=yes
ac_cv_header_strings_h=yes
ac_cv_header_sys_stat_h=yes
ac_cv_header_sys_types_h=yes
ac_cv_header_unistd_h=yes
ac_cv_host=x86_64-pc-linux-gnu
ac_cv_objext=o
ac_cv_path_EGREP='/usr/bin/grep -E'
ac_cv_path_FGREP='/usr/bin/grep -F'
ac_cv_path_GREP=/usr/bin/grep
ac_cv_path_SED=/usr/bin/sed
ac_cv_path_install='/usr/bin/install -c'
ac_cv_path_lt_DD=/usr/bin/dd
ac_cv_path_mkdir=/usr/bin/mkdir
ac_cv_prog_AWK=gawk
ac_cv_prog_CPP='gcc -E'
ac_cv_prog_CXXCPP='g++ -E'
ac_cv_prog_ac_ct_AR=ar
ac_cv_prog_ac_ct_CC=gcc
ac_cv_prog_ac_ct_CXX=g++
ac_cv_prog_ac_ct_MANIFEST_TOOL=mt
ac_cv_prog_ac_ct_OBJDUMP=objdump
ac_cv_prog_ac_ct_RANLIB=ranlib
ac_cv_prog_ac_ct_STRIP=strip
ac_cv_prog_cc_c89=
ac_cv_prog_cc_g=yes
ac_cv_prog_cxx_g=yes
ac_cv_prog_make_make_set=yes
am_cv_CC_dependencies_compiler_type=gcc3
am_cv_CXX_dependencies_compiler_type=gcc3
am_cv_make_support_nested_variables=yes
am_cv_prog_cc_c_o=yes
lt_cv_ar_at_file=@
lt_cv_archive_cmds_need_lc=no
lt_cv_deplibs_check_method=pass_all
lt_cv_file_magic_cmd='$MAGIC_CMD'
lt_cv_file_magic_test_file=
lt_cv_ld_reload_flag=-r
lt_cv_nm_interface='BSD nm'
lt_cv_objdir=.libs
lt_cv_path_LD=/usr/bin/ld
lt_cv_path_LDCXX='/usr/bin/ld -m elf_x86_64'
lt_cv_path_NM='/usr/bin/nm -B'
lt_cv_path_mainfest_tool=no
lt_cv_prog_compiler_c_o=yes
lt_cv_prog_compiler_c_o_CXX=yes
lt_cv_prog_compiler_pic='-fPIC -DPIC'
lt_cv_prog_compiler_pic_CXX='-fPIC -DPIC'
lt_cv_prog_compiler_pic_works=yes
lt_cv_prog_compiler_pic_works_CXX=yes
lt_cv_prog_compiler_rtti_exceptions=no
lt_cv_prog_compiler_static_works=yes
lt_cv_prog_compiler_static_works_CXX=yes
lt_cv_prog_gnu_ld=yes
lt_cv_prog_gnu_ldcxx=yes
lt_cv_sharedlib_from_linklib_cmd='printf %s\n'
lt_cv_shlibpath_overrides_runpath=yes
lt_cv_sys_global_symbol_pipe='sed -n -e '\''s/^.*[	 ]\([ABCDGIRSTW][ABCDGIRSTW]*\)[	 ][	 ]*\([_A-Za-z][_A-Za-z0-9]*\)$/\1 \2 \2/p'\'' | sed '\''/ __gnu_lto/d'\'''
lt_cv_sys_global_symbol_to_c_name_address='sed -n -e '\''s/^: \(.*\) .*$/  {"\1", (void *) 0},/p'\'' -e '\''s/^[ABCDGIRSTW][ABCDGIRSTW]* .* \(.*\)$/  {"\1", (void *) \&\1},/p'\'''
lt_cv_sys_global_symbol_to_c_name_address_lib_prefix='sed -n -e '\''s/^: \(.*\) .*$/  {"\1", (void *) 0},/p'\'' -e '\''s/^[ABCDGIRSTW][ABCDGIRSTW]* .* \(lib.*\)$/  {"\1", (void *) \&\1},/p'\'' -e '\''s/^[ABCDGIRSTW][ABCDGIRSTW]* .* \(.*\)$/  {"lib\1", (void *) \&\1},/p'\'''
lt_cv_sys_global_symbol_to_cdecl='sed -n -e '\''s/^T .* \(.*\)$/extern int \1();/p'\'' -e '\''s/^[ABCDGIRSTW][ABCDGIRSTW]* .* \(.*\)$/extern char \1;/p'\'''
lt_cv_sys_global_symbol_to_import=
lt_cv_sys_max_cmd_len=1572864
lt_cv_to_host_file_cmd=func_convert_file_noop
lt_cv_to_tool_file_cmd=func_convert_file_noop
lt_cv_truncate_bin='/usr/bin/dd bs=4096 count=1'

## ----------------- ##
## Output variables. ##
## ----------------- ##

ACLOCAL='${SHELL} '\''/home/phi/NavelGazer/libnavelpluginapi/missing'\'' aclocal-1.16'
AMDEPBACKSLASH='\'
AMDEP_FALSE='#'
AMDEP_TRUE=''
AMTAR='$${TAR-tar}'
AM_BACKSLASH='\'
AM_DEFAULT_V='$(AM_DEFAULT_VERBOSITY)'
AM_DEFAULT_VERBOSITY='1'
AM_V='$(V)'
AR='ar'
AUTOCONF='${SHELL} '\''/home/phi/NavelGazer/libnavelpluginapi/missing'\'' autoconf'
AUTOHEADER='${SHELL} '\''/home/phi/NavelGazer/libnavelpluginapi/missing'\'' autoheader'
AUTOMAKE='${SHELL} '\''/home/phi/NavelGazer/libnavelpluginapi/missing'\'' automake-1.16'
AWK='gawk'
CC='gcc'
CCDEPMODE='depmode=gcc3'
CFLAGS='-g -O2'
CPP='gcc -E'
CPPFLAGS='-I./include -I../libnavel/include'
CXX='g++'
CXXCPP='g++ -E'
CXXDEPMODE='depmode=gcc3'
CXXFLAGS='-g -O2'
CYGPATH_W='echo'
DEFS='-DPACKAGE_NAME=\"libnavelpluginapi\" -DPACKAGE_TARNAME=\"libnavelpluginapi\" -DPACKAGE_VERSION=\"0.1\" -DPACKAGE_STRING=\"libnavelpluginapi\ 0.1\" -DPACKAGE_BUGREPORT=\"ultrapod333@gmail.com\" -DPACKAGE_URL=\"\" -DPACKAGE=\"libnavelpluginapi\" -DVERSION=\"0.1\" -DSTDC_HEADERS=1 -DHAVE_SYS_TYPES_H=1 -DHAVE_SYS_STAT_H=1 -DHAVE_STDLIB_H=1 -DHAVE_STRING_H=1 -DHAVE_MEMORY_H=1 -DHAVE_STRINGS_H=1 -DHAVE_INTTYPES_H=1 -DHAVE_STDINT_H=1 -DHAVE_UNISTD_H=1 -DHAVE_DLFCN_H=1 -DLT_OBJDIR=\".libs/\"'
DEPDIR='.deps'
DLLTOOL='false'
DSYMUTIL=''
DUMPBIN=''
ECHO_C=''
ECHO_N='-n'
ECHO_T=''
EGREP='/usr/bin/grep -E'
EXEEXT=''
FGREP='/usr/bin/grep -F'
GREP='/usr/bin/grep'
INSTALL_DATA='${INSTALL} -m 644'
INSTALL_PROGRAM='${INSTALL}'
INSTALL_SCRIPT='${INSTALL}'
INSTALL_STRIP_PROGRAM='$(install_sh) -c -s'
LD='/usr/bin/ld -m elf_x86_64'
LDFLAGS=''
LIBOBJS=''
LIBS=''
LIBTOOL='$(SHELL) $(top_builddir)/libtool'
LIPO=''
LN_S='ln -s'
LTLIBOBJS=''
LT_SYS_LIBRARY_PATH=''
MAKEINFO='${SHELL} '\''/home/phi/NavelGazer/libnavelpluginapi/missing'\'' makeinfo'
MANIFEST_TOOL=':'
MKDIR_P='/usr/bin/mkdir -p'
NM='/usr/bin/nm -B'
NMEDIT=''
OBJDUMP='objdump'
OBJEXT='o'
OTOOL64=''
OTOOL=''
PACKAGE='libnavelpluginapi'
PACKAGE_BUGREPORT='ultrapod333@gmail.com'
PACKAGE_NAME='libnavelpluginapi'
PACKAGE_STRING='libnavelpluginapi 0.1'
PACKAGE_TARNAME='libnavelpluginapi'
PACKAGE_URL=''
PACKAGE_VERSION='0.1'
PATH_SEPARATOR=':'
RANLIB='ranlib'
SED='/usr/bin/sed'
SET_MAKE=''
SHELL='/bin/bash'
STRIP='strip'
VERSION='0.1'
ac_ct_AR='ar'
ac_ct_CC='gcc'
ac_ct_CXX='g++'
ac_ct_DUMPBIN=''
am__EXEEXT_FALSE=''
am__EXEEXT_TRUE='#'
am__fastdepCC_FALSE='#'
am__fastdepCC_TRUE=''
am__fastdepCXX_FALSE='#'
am__fastdepCXX_TRUE=''
am__include='include'
am__isrc=''
am__leading_dot='.'
am__nodep='_no'
am__quote=''
am__tar='$${TAR-tar} chof - "$$tardir"'
am__untar='$${TAR-tar} xf -'
bindir='${exec_prefix}/bin'
build='x86_64-pc-linux-gnu'
build_alias=''
build_cpu='x86_64'
build_os='linux-gnu'
build_vendor='pc'
datadir='${datarootdir}'
datarootdir='${prefix}/share'
docdir='${datarootdir}/doc/${PACKAGE_TARNAME}'
dvidir='${docdir}'
exec_prefix='${prefix}'
host='x86_64-pc-linux-gnu'
host_alias=''
host_cpu='x86_64'
host_os='linux-gnu'
host_vendor='pc'
htmldir='${docdir}'
includedir='${prefix}/include'
infodir='${datarootdir}/info'
install_sh='${SHELL} /home/phi/NavelGazer/libnavelpluginapi/install-sh'
libdir='${exec_prefix}/lib'
libexecdir='${exec_prefix}/libexec'
localedir='${datarootdir}/locale'
localstatedir='${prefix}/var'
mandir='${datarootdir}/man'
mkdir_p='$(MKDIR_P)'
oldincludedir='/usr/include'
pdfdir='${docdir}'
prefix='/usr/local'
program_transform_name='s,x,x,'
psdir='${docdir}'
runstatedir='${localstatedir}/run'
sbindir='${exec_prefix}/sbin'
sharedstatedir='${prefix}/com'
sysconfdir='${prefix}/etc'
target_alias=''

## ----------- ##
## confdefs.h. ##
## ----------- ##

/* confdefs.h */
#define PACKAGE_NAME "libnavelpluginapi"
#define PACKAGE_TARNAME "libnavelpluginapi"
#define PACKAGE_VERSION "0.1"
#define PACKAGE_STRING "libnavelpluginapi 0.1"
#define PACKAGE_BUGREPORT "ultrapod333@gmail.com"
#define PACKAGE_URL ""
#define PACKAGE "libnavelpluginapi"
#define VERSION "0.1"
#define STDC_HEADERS 1
#define HAVE_SYS_TYPES_H 1
#define HAVE_SYS_STAT_H 1
#define HAVE_STDLIB_H 1
#define HAVE_STRING_H 1
#define HAVE_MEMORY_H 1
#define HAVE_STRINGS_H 1
#define HAVE_INTTYPES_H 1
#define HAVE_STDINT_H 1
#define HAVE_UNISTD_H 1
#define HAVE_DLFCN_H 1
#define LT_OBJDIR ".libs/"

configure: exit 0
