This file contains any messages produced by compilers while
running configure, to aid debugging if configure makes a mistake.

It was created by libnavel configure 0.1, which was
generated by GNU Autoconf 2.69.  Invocation command line was

  $ ./configure --disable-option-checking --prefix=/usr/local --cache-file=/dev/null --srcdir=.

## --------- ##
## Platform. ##
## --------- ##

hostname = cloud7
uname -m = x86_64
uname -r = 5.10.0-16-amd64
uname -s = Linux
uname -v = #1 SMP Debian 5.10.127-2 (2022-07-23)

/usr/bin/uname -p = unknown
/bin/uname -X     = unknown

/bin/arch              = x86_64
/usr/bin/arch -k       = unknown
/usr/convex/getsysinfo = unknown
/usr/bin/hostinfo      = unknown
/bin/machine           = unknown
/usr/bin/oslevel       = unknown
/bin/universe          = unknown

PATH: /usr/local/bin
PATH: /usr/bin
PATH: /bin
PATH: /usr/local/games
PATH: /usr/games


## ----------- ##
## Core tests. ##
## ----------- ##

configure:1844: checking for a BSD-compatible install
configure:1912: result: /usr/bin/install -c
configure:1923: checking whether build environment is sane
configure:1978: result: yes
configure:2124: checking for a thread-safe mkdir -p
configure:2163: result: /usr/bin/mkdir -p
configure:2170: checking for gawk
configure:2186: found /usr/bin/gawk
configure:2197: result: gawk
configure:2208: checking whether make sets $(MAKE)
configure:2230: result: yes
configure:2259: checking whether make supports nested variables
configure:2276: result: yes
configure:2460: checking for g++
configure:2476: found /usr/bin/g++
configure:2487: result: g++
configure:2514: checking for C++ compiler version
configure:2523: g++ --version >&5
g++ (Debian 10.2.1-6) 10.2.1 20210110
Copyright (C) 2020 Free Software Foundation, Inc.
This is free software; see the source for copying conditions.  There is NO
warranty; not even for MERCHANTABILITY or FITNESS FOR A PARTICULAR PURPOSE.

configure:2534: $? = 0
configure:2523: g++ -v >&5
Using built-in specs.
COLLECT_GCC=g++
COLLECT_LTO_WRAPPER=/usr/lib/gcc/x86_64-linux-gnu/10/lto-wrapper
OFFLOAD_TARGET_NAMES=nvptx-none:amdgcn-amdhsa:hsa
OFFLOAD_TARGET_DEFAULT=1
Target: x86_64-linux-gnu
Configured with: ../src/configure -v --with-pkgversion='Debian 10.2.1-6' --with-bugurl=file:///usr/share/doc/gcc-10/README.Bugs --enable-languages=c,ada,c++,go,brig,d,fortran,objc,obj-c++,m2 --prefix=/usr --with-gcc-major-version-only --program-suffix=-10 --program-prefix=x86_64-linux-gnu- --enable-shared --enable-linker-build-id --libexecdir=/usr/lib --without-included-gettext --enable-threads=posix --libdir=/usr/lib --enable-nls --enable-bootstrap --enable-clocale=gnu --enable-libstdcxx-debug --enable-libstdcxx-time=yes --with-default-libstdcxx-abi=new --enable-gnu-unique-object --disable-vtable-verify --enable-plugin --enable-default-pie --with-system-zlib --enable-libphobos-checking=release --with-target-system-zlib=auto --enable-objc-gc=auto --enable-multiarch --disable-werror --with-arch-32=i686 --with-abi=m64 --with-multilib-list=m32,m64,mx32 --enable-multilib --with-tune=generic --enable-offload-targets=nvptx-none=/build/gcc-10-Km9U7s/gcc-10-10.2.1/debian/tmp-nvptx/usr,amdgcn-amdhsa=/build/gcc-10-Km9U7s/gcc-10-10.2.1/debian/tmp-gcn/usr,hsa --without-cuda-driver --enable-checking=release --build=x86_64-linux-gnu --host=x86_64-linux-gnu --target=x86_64-linux-gnu --with-build-config=bootstrap-lto-lean --enable-link-mutex
Thread model: posix
Supported LTO compression algorithms: zlib zstd
gcc version 10.2.1 20210110 (Debian 10.2.1-6) 
... rest of stderr output deleted ...
configure:2534: $? = 0
configure:2523: g++ -V >&5
g++: error: unrecognized command-line option '-V'
g++: fatal error: no input files
compilation terminated.
configure:2534: $? = 1
configure:2523: g++ -qversion >&5
g++: error: unrecognized command-line option '-qversion'; did you mean '--version'?
g++: fatal error: no input files
compilation terminated.
configure:2534: $? = 1
configure:2554: checking whether the C++ compiler works
configure:2576: g++    conftest.cpp  >&5
configure:2580: $? = 0
configure:2628: result: yes
configure:2631: checking for C++ compiler default output file name
configure:2633: result: a.out
configure:2639: checking for suffix of executables
configure:2646: g++ -o conftest    conftest.cpp  >&5
configure:2650: $? = 0
configure:2672: result: 
configure:2694: checking whether we are cross compiling
configure:2702: g++ -o conftest    conftest.cpp  >&5
configure:2706: $? = 0
configure:2713: ./conftest
configure:2717: $? = 0
configure:2732: result: no
configure:2737: checking for suffix of object files
configure:2759: g++ -c   conftest.cpp >&5
configure:2763: $? = 0
configure:2784: result: o
configure:2788: checking whether we are using the GNU C++ compiler
configure:2807: g++ -c   conftest.cpp >&5
configure:2807: $? = 0
configure:2816: result: yes
configure:2825: checking whether g++ accepts -g
configure:2845: g++ -c -g  conftest.cpp >&5
configure:2845: $? = 0
configure:2886: result: yes
configure:2912: checking whether make supports the include directive
configure:2927: make -f confmf.GNU && cat confinc.out
this is the am__doit target
configure:2930: $? = 0
configure:2949: result: yes (GNU style)
configure:2974: checking dependency style of g++
configure:3085: result: gcc3
configure:3258: checking that generated files are newer than configure
configure:3264: result: done
configure:3287: creating ./config.status

## ---------------------- ##
## Running config.status. ##
## ---------------------- ##

This file was extended by libnavel config.status 0.1, which was
generated by GNU Autoconf 2.69.  Invocation command line was

  CONFIG_FILES    = 
  CONFIG_HEADERS  = 
  CONFIG_LINKS    = 
  CONFIG_COMMANDS = 
  $ ./config.status 

on cloud7

config.status:773: creating Makefile
config.status:945: executing depfiles commands
config.status:1022: cd .       && sed -e '/# am--include-marker/d' Makefile         | make -f - am--depfiles
make: Nothing to be done for 'am--depfiles'.
config.status:1027: $? = 0

## ---------------- ##
## Cache variables. ##
## ---------------- ##

ac_cv_cxx_compiler_gnu=yes
ac_cv_env_CCC_set=
ac_cv_env_CCC_value=
ac_cv_env_CPPFLAGS_set=
ac_cv_env_CPPFLAGS_value=
ac_cv_env_CXXFLAGS_set=
ac_cv_env_CXXFLAGS_value=
ac_cv_env_CXX_set=
ac_cv_env_CXX_value=
ac_cv_env_LDFLAGS_set=
ac_cv_env_LDFLAGS_value=
ac_cv_env_LIBS_set=
ac_cv_env_LIBS_value=
ac_cv_env_build_alias_set=
ac_cv_env_build_alias_value=
ac_cv_env_host_alias_set=
ac_cv_env_host_alias_value=
ac_cv_env_target_alias_set=
ac_cv_env_target_alias_value=
ac_cv_objext=o
ac_cv_path_install='/usr/bin/install -c'
ac_cv_path_mkdir=/usr/bin/mkdir
ac_cv_prog_AWK=gawk
ac_cv_prog_ac_ct_CXX=g++
ac_cv_prog_cxx_g=yes
ac_cv_prog_make_make_set=yes
am_cv_CXX_dependencies_compiler_type=gcc3
am_cv_make_support_nested_variables=yes

## ----------------- ##
## Output variables. ##
## ----------------- ##

ACLOCAL='${SHELL} '\''/home/phi/NavelGazer/server/missing'\'' aclocal-1.16'
AMDEPBACKSLASH='\'
AMDEP_FALSE='#'
AMDEP_TRUE=''
AMTAR='$${TAR-tar}'
AM_BACKSLASH='\'
AM_DEFAULT_V='$(AM_DEFAULT_VERBOSITY)'
AM_DEFAULT_VERBOSITY='1'
AM_V='$(V)'
AUTOCONF='${SHELL} '\''/home/phi/NavelGazer/server/missing'\'' autoconf'
AUTOHEADER='${SHELL} '\''/home/phi/NavelGazer/server/missing'\'' autoheader'
AUTOMAKE='${SHELL} '\''/home/phi/NavelGazer/server/missing'\'' automake-1.16'
AWK='gawk'
CPPFLAGS='-I./include'
CXX='g++'
CXXDEPMODE='depmode=gcc3'
CXXFLAGS='-g -O2'
CYGPATH_W='echo'
DEFS='-DPACKAGE_NAME=\"libnavel\" -DPACKAGE_TARNAME=\"libnavel\" -DPACKAGE_VERSION=\"0.1\" -DPACKAGE_STRING=\"libnavel\ 0.1\" -DPACKAGE_BUGREPORT=\"ultrapod333@gmail.com\" -DPACKAGE_URL=\"\" -DPACKAGE=\"libnavel\" -DVERSION=\"0.1\"'
DEPDIR='.deps'
ECHO_C=''
ECHO_N='-n'
ECHO_T=''
EXEEXT=''
INSTALL_DATA='${INSTALL} -m 644'
INSTALL_PROGRAM='${INSTALL}'
INSTALL_SCRIPT='${INSTALL}'
INSTALL_STRIP_PROGRAM='$(install_sh) -c -s'
LDFLAGS=''
LIBOBJS=''
LIBS=''
LTLIBOBJS=''
MAKEINFO='${SHELL} '\''/home/phi/NavelGazer/server/missing'\'' makeinfo'
MKDIR_P='/usr/bin/mkdir -p'
OBJEXT='o'
PACKAGE='libnavel'
PACKAGE_BUGREPORT='ultrapod333@gmail.com'
PACKAGE_NAME='libnavel'
PACKAGE_STRING='libnavel 0.1'
PACKAGE_TARNAME='libnavel'
PACKAGE_URL=''
PACKAGE_VERSION='0.1'
PATH_SEPARATOR=':'
SET_MAKE=''
SHELL='/bin/bash'
STRIP=''
VERSION='0.1'
ac_ct_CXX='g++'
am__EXEEXT_FALSE=''
am__EXEEXT_TRUE='#'
am__fastdepCXX_FALSE='#'
am__fastdepCXX_TRUE=''
am__include='include'
am__isrc=''
am__leading_dot='.'
am__nodep='_no'
am__quote=''
am__tar='$${TAR-tar} chof - "$$tardir"'
am__untar='$${TAR-tar} xf -'
bindir='${exec_prefix}/bin'
build_alias=''
datadir='${datarootdir}'
datarootdir='${prefix}/share'
docdir='${datarootdir}/doc/${PACKAGE_TARNAME}'
dvidir='${docdir}'
exec_prefix='${prefix}'
host_alias=''
htmldir='${docdir}'
includedir='${prefix}/include'
infodir='${datarootdir}/info'
install_sh='${SHELL} /home/phi/NavelGazer/server/install-sh'
libdir='${exec_prefix}/lib'
libexecdir='${exec_prefix}/libexec'
localedir='${datarootdir}/locale'
localstatedir='${prefix}/var'
mandir='${datarootdir}/man'
mkdir_p='$(MKDIR_P)'
oldincludedir='/usr/include'
pdfdir='${docdir}'
prefix='/usr/local'
program_transform_name='s,x,x,'
psdir='${docdir}'
runstatedir='${localstatedir}/run'
sbindir='${exec_prefix}/sbin'
sharedstatedir='${prefix}/com'
sysconfdir='${prefix}/etc'
target_alias=''

## ----------- ##
## confdefs.h. ##
## ----------- ##

/* confdefs.h */
#define PACKAGE_NAME "libnavel"
#define PACKAGE_TARNAME "libnavel"
#define PACKAGE_VERSION "0.1"
#define PACKAGE_STRING "libnavel 0.1"
#define PACKAGE_BUGREPORT "ultrapod333@gmail.com"
#define PACKAGE_URL ""
#define PACKAGE "libnavel"
#define VERSION "0.1"

configure: exit 0
